
**** Build of configuration Debug for project Lab6_Part2 ****

"C:\\ti\\ccs930\\ccs\\utils\\bin\\gmake" -k -j 8 all -O 
 
Building target: "Lab6_Part2.out"
Invoking: ARM Linker
"C:/ti/ccs930/ccs/tools/compiler/ti-cgt-arm_18.12.4.LTS/bin/armcl" -mv7M4 --code_state=16 --float_support=FPv4SPD16 -me --advice:power=all --define=__MSP432P401R__ --define=ccs -g --gcc --diag_warning=225 --diag_wrap=off --display_error_number --abi=eabi -z -m"Lab6_Part2.map" --heap_size=1024 --stack_size=512 -i"C:/ti/ccs930/ccs/ccs_base/arm/include" -i"C:/ti/ccs930/ccs/tools/compiler/ti-cgt-arm_18.12.4.LTS/lib" -i"C:/ti/ccs930/ccs/tools/compiler/ti-cgt-arm_18.12.4.LTS/include" --reread_libs --diag_wrap=off --display_error_number --warn_sections --xml_link_info="Lab6_Part2_linkInfo.xml" --rom_model -o "Lab6_Part2.out" "./main.obj" "./main_part2.obj" "./startup_msp432p401r_ccs.obj" "./system_msp432p401r.obj" "../msp432p401r.cmd"  -llibc.a 
<Linking>
error #10056: symbol "Keypad_Init" redefined: first defined in "./main.obj"; redefined in "./main_part2.obj"
error #10056: symbol "Print_Keys" redefined: first defined in "./main.obj"; redefined in "./main_part2.obj"
error #10056: symbol "main" redefined: first defined in "./main.obj"; redefined in "./main_part2.obj"
error #10056: symbol "Read_Keypad" redefined: first defined in "./main.obj"; redefined in "./main_part2.obj"
remark #10371-D: (ULP 1.1) Detected no uses of low power mode state changing instructions
error #10056: symbol "SysTick_Delay" redefined: first defined in "./main.obj"; redefined in "./main_part2.obj"
remark #10372-D: (ULP 4.1) Detected uninitialized Port 1 in this project. Recommend initializing all unused ports to eliminate wasted current consumption on unused pins.
remark #10372-D: (ULP 4.1) Detected uninitialized Port 2 in this project. Recommend initializing all unused ports to eliminate wasted current consumption on unused pins.
remark #10372-D: (ULP 4.1) Detected uninitialized Port 3 in this project. Recommend initializing all unused ports to eliminate wasted current consumption on unused pins.
remark #10372-D: (ULP 4.1) Detected uninitialized Port 4 in this project. Recommend initializing all unused ports to eliminate wasted current consumption on unused pins.
remark #10372-D: (ULP 4.1) Detected uninitialized Port 5 in this project. Recommend initializing all unused ports to eliminate wasted current consumption on unused pins.
remark #10372-D: (ULP 4.1) Detected uninitialized Port 6 in this project. Recommend initializing all unused ports to eliminate wasted current consumption on unused pins.
remark #10372-D: (ULP 4.1) Detected uninitialized Port 7 in this project. Recommend initializing all unused ports to eliminate wasted current consumption on unused pins.
remark #10372-D: (ULP 4.1) Detected uninitialized Port 8 in this project. Recommend initializing all unused ports to eliminate wasted current consumption on unused pins.
remark #10372-D: (ULP 4.1) Detected uninitialized Port 9 in this project. Recommend initializing all unused ports to eliminate wasted current consumption on unused pins.
remark #10372-D: (ULP 4.1) Detected uninitialized Port 10 in this project. Recommend initializing all unused ports to eliminate wasted current consumption on unused pins.
 
>> Compilation failure
makefile:144: recipe for target 'Lab6_Part2.out' failed
error #10056: symbol "SysTick_Init" redefined: first defined in "./main.obj"; redefined in "./main_part2.obj"
error #10010: errors encountered during linking; "Lab6_Part2.out" not built
gmake[1]: *** [Lab6_Part2.out] Error 1
makefile:140: recipe for target 'all' failed
gmake: *** [all] Error 2

**** Build Finished ****
